<?xml version="1.0" encoding="UTF-8"?>
<!-- Generated by org.testng.reporters.JUnitReportReporter -->
<testsuite hostname="Nanda" failures="0" tests="1" name="com.webscrap.WebScrapTest" time="12.126" errors="0" timestamp="2024-06-15T09:40:23 IST" skipped="0">
  <testcase classname="com.webscrap.WebScrapTest" name="webScrapTesting" time="12.126"/>
</testsuite> <!-- com.webscrap.WebScrapTest -->
